#
# There is insufficient memory for the Java Runtime Environment to continue.
# Native memory allocation (malloc) failed to allocate 637632 bytes for Chunk::new
# Possible reasons:
#   The system is out of physical RAM or swap space
#   The process is running with CompressedOops enabled, and the Java Heap may be blocking the growth of the native heap
# Possible solutions:
#   Reduce memory load on the system
#   Increase physical memory or swap space
#   Check if swap backing store is full
#   Decrease Java heap size (-Xmx/-Xms)
#   Decrease number of Java threads
#   Decrease Java thread stack sizes (-Xss)
#   Set larger code cache with -XX:ReservedCodeCacheSize=
#   JVM is running with Zero Based Compressed Oops mode in which the Java heap is
#     placed in the first 32GB address space. The Java Heap base address is the
#     maximum limit for the native heap growth. Please use -XX:HeapBaseMinAddress
#     to set the Java Heap base and to place the Java Heap above 32GB virtual address.
# This output file may be truncated or incomplete.
#
#  Out of Memory Error (allocation.cpp:389), pid=16184, tid=0x0000000000001c90
#
# JRE version: Java(TM) SE Runtime Environment (8.0_361) (build 1.8.0_361-b09)
# Java VM: Java HotSpot(TM) 64-Bit Server VM (25.361-b09 mixed mode windows-amd64 compressed oops)
# Failed to write core dump. Minidumps are not enabled by default on client versions of Windows
#

---------------  T H R E A D  ---------------

Current thread (0x00000249d9add800):  JavaThread "C2 CompilerThread1" daemon [_thread_in_native, id=7312, stack(0x000000765f300000,0x000000765f400000)]

Stack: [0x000000765f300000,0x000000765f400000]
Native frames: (J=compiled Java code, j=interpreted, Vv=VM code, C=native code)
V  [jvm.dll+0x3317a9]
V  [jvm.dll+0x277c4e]
V  [jvm.dll+0x27888d]
V  [jvm.dll+0x26f0d5]
V  [jvm.dll+0xd590c]
V  [jvm.dll+0xd610c]
V  [jvm.dll+0x473205]
V  [jvm.dll+0x43a9d8]
V  [jvm.dll+0x443825]
V  [jvm.dll+0x442be5]
V  [jvm.dll+0x42d98b]
V  [jvm.dll+0xac70b]
V  [jvm.dll+0xaad6b]
V  [jvm.dll+0x23ffb2]
V  [jvm.dll+0x294a5c]
C  [ucrtbase.dll+0x21bb2]
C  [KERNEL32.DLL+0x17604]
C  [ntdll.dll+0x526a1]


Current CompileTask:
C2:  19640 5383 % !   4       org.springframework.beans.factory.support.DefaultListableBeanFactory::doGetBeanNamesForType @ 20 (528 bytes)


---------------  P R O C E S S  ---------------

Java Threads: ( => current thread )
  0x00000249da97e800 JavaThread "Thread-0" [_thread_new, id=8944, stack(0x0000000000000000,0x0000000000000000)]
  0x00000249da97d800 JavaThread "SpringApplicationShutdownHook" [_thread_new, id=2812, stack(0x0000000000000000,0x0000000000000000)]
  0x00000249da97d000 JavaThread "surefire-forkedjvm-last-ditch-daemon-shutdown-thread-30s" daemon [_thread_blocked, id=2800, stack(0x000000765fc00000,0x000000765fd00000)]
  0x00000249da97b800 JavaThread "HikariPool-1 housekeeper" daemon [_thread_blocked, id=11368, stack(0x000000765fb00000,0x000000765fc00000)]
  0x00000249da8d0800 JavaThread "mysql-cj-abandoned-connection-cleanup" daemon [_thread_blocked, id=17688, stack(0x000000765f900000,0x000000765fa00000)]
  0x00000249da876000 JavaThread "surefire-forkedjvm-command-thread" daemon [_thread_in_native, id=13292, stack(0x000000765f700000,0x000000765f800000)]
  0x00000249d9b5f000 JavaThread "Service Thread" daemon [_thread_blocked, id=9012, stack(0x000000765f500000,0x000000765f600000)]
  0x00000249d9adf000 JavaThread "C1 CompilerThread2" daemon [_thread_blocked, id=17988, stack(0x000000765f400000,0x000000765f500000)]
=>0x00000249d9add800 JavaThread "C2 CompilerThread1" daemon [_thread_in_native, id=7312, stack(0x000000765f300000,0x000000765f400000)]
  0x00000249d9adb800 JavaThread "C2 CompilerThread0" daemon [_thread_in_native, id=8624, stack(0x000000765f200000,0x000000765f300000)]
  0x00000249d9ad6000 JavaThread "Attach Listener" daemon [_thread_blocked, id=13664, stack(0x000000765f100000,0x000000765f200000)]
  0x00000249d9ad4800 JavaThread "Signal Dispatcher" daemon [_thread_blocked, id=13604, stack(0x000000765f000000,0x000000765f100000)]
  0x00000249d9ab5000 JavaThread "Finalizer" daemon [_thread_blocked, id=15648, stack(0x000000765ef00000,0x000000765f000000)]
  0x00000249d9383800 JavaThread "Reference Handler" daemon [_thread_blocked, id=9920, stack(0x000000765ee00000,0x000000765ef00000)]
  0x00000249c0e62000 JavaThread "main" [_thread_blocked, id=8028, stack(0x000000765e800000,0x000000765e900000)]

Other Threads:
  0x00000249d9a92800 VMThread [stack: 0x000000765ed00000,0x000000765ee00000] [id=16292]
  0x00000249d9b82000 WatcherThread [stack: 0x000000765f600000,0x000000765f700000] [id=17964]

VM state:not at safepoint (normal execution)

VM Mutex/Monitor currently owned by a thread: None

heap address: 0x0000000700a00000, size: 3062 MB, Compressed Oops mode: Zero based, Oop shift amount: 3
Narrow klass base: 0x0000000000000000, Narrow klass shift: 3
Compressed class space size: 1073741824 Address: 0x00000007c0000000

Heap:
 PSYoungGen      total 250368K, used 220422K [0x0000000780380000, 0x0000000794000000, 0x00000007c0000000)
  eden space 229888K, 95% used [0x0000000780380000,0x000000078dac1988,0x000000078e400000)
  from space 20480K, 0% used [0x000000078e400000,0x000000078e400000,0x000000078f800000)
  to   space 13312K, 0% used [0x000000078f800000,0x000000078f800000,0x0000000790500000)
 ParOldGen       total 127488K, used 21109K [0x0000000700a00000, 0x0000000708680000, 0x0000000780380000)
  object space 127488K, 16% used [0x0000000700a00000,0x0000000701e9d758,0x0000000708680000)
 Metaspace       used 61191K, capacity 65326K, committed 65408K, reserved 1105920K
  class space    used 8591K, capacity 9292K, committed 9344K, reserved 1048576K

Card table byte_map: [0x00000249d1aa0000,0x00000249d20a0000] byte_map_base: 0x00000249ce29b000

Marking Bits: (ParMarkBitMap*) 0x00000000647bb090
 Begin Bits: [0x00000249d24a0000, 0x00000249d5478000)
 End Bits:   [0x00000249d5478000, 0x00000249d8450000)

Polling page: 0x00000249c0e10000

CodeCache: size=245760Kb used=17423Kb max_used=17423Kb free=228336Kb
 bounds [0x00000249c26e0000, 0x00000249c3800000, 0x00000249d16e0000]
 total_blobs=5436 nmethods=4903 adapters=445
 compilation: enabled

Compilation events (10 events):
Event: 19.357 Thread 0x00000249d9adf000 5400       3       java.lang.CharacterData::of (120 bytes)
Event: 19.357 Thread 0x00000249d9adf000 nmethod 5400 0x00000249c37ebed0 code [0x00000249c37ec080, 0x00000249c37ec598]
Event: 19.379 Thread 0x00000249d9adf000 5402  s    3       java.io.BufferedOutputStream::flush (12 bytes)
Event: 19.380 Thread 0x00000249d9adf000 nmethod 5402 0x00000249c37ec7d0 code [0x00000249c37ec960, 0x00000249c37ece60]
Event: 19.385 Thread 0x00000249d9adf000 5403       3       org.springframework.context.event.GenericApplicationListenerAdapter::resolveDeclaredEventType (57 bytes)
Event: 19.386 Thread 0x00000249d9adf000 nmethod 5403 0x00000249c37ecfd0 code [0x00000249c37ed1a0, 0x00000249c37ed870]
Event: 19.386 Thread 0x00000249d9adf000 5404       3       org.springframework.test.context.TestContextAnnotationUtils::findAnnotationDescriptor (256 bytes)
Event: 19.389 Thread 0x00000249d9adf000 nmethod 5404 0x00000249c37eda90 code [0x00000249c37edea0, 0x00000249c37f00a0]
Event: 19.557 Thread 0x00000249d9adf000 5405       2       java.lang.String::regionMatches (149 bytes)
Event: 19.557 Thread 0x00000249d9adf000 nmethod 5405 0x00000249c37f1610 code [0x00000249c37f1800, 0x00000249c37f1d40]

GC Heap History (10 events):
Event: 8.186 GC heap before
{Heap before GC invocations=6 (full 1):
 PSYoungGen      total 161280K, used 136340K [0x0000000780380000, 0x000000078d380000, 0x00000007c0000000)
  eden space 153088K, 83% used [0x0000000780380000,0x00000007880a7020,0x0000000789900000)
  from space 8192K, 99% used [0x000000078cb80000,0x000000078d37e3a0,0x000000078d380000)
  to   space 8192K, 0% used [0x000000078c380000,0x000000078c380000,0x000000078cb80000)
 ParOldGen       total 76800K, used 8809K [0x0000000700a00000, 0x0000000705500000, 0x0000000780380000)
  object space 76800K, 11% used [0x0000000700a00000,0x000000070129a720,0x0000000705500000)
 Metaspace       used 33110K, capacity 35382K, committed 35456K, reserved 1079296K
  class space    used 4516K, capacity 4949K, committed 4992K, reserved 1048576K
Event: 8.225 GC heap after
Heap after GC invocations=6 (full 1):
 PSYoungGen      total 204800K, used 8176K [0x0000000780380000, 0x0000000790500000, 0x00000007c0000000)
  eden space 196608K, 0% used [0x0000000780380000,0x0000000780380000,0x000000078c380000)
  from space 8192K, 99% used [0x000000078c380000,0x000000078cb7c0e0,0x000000078cb80000)
  to   space 13312K, 0% used [0x000000078f800000,0x000000078f800000,0x0000000790500000)
 ParOldGen       total 76800K, used 13266K [0x0000000700a00000, 0x0000000705500000, 0x0000000780380000)
  object space 76800K, 17% used [0x0000000700a00000,0x00000007016f4b98,0x0000000705500000)
 Metaspace       used 33110K, capacity 35382K, committed 35456K, reserved 1079296K
  class space    used 4516K, capacity 4949K, committed 4992K, reserved 1048576K
}
Event: 8.225 GC heap before
{Heap before GC invocations=7 (full 2):
 PSYoungGen      total 204800K, used 8176K [0x0000000780380000, 0x0000000790500000, 0x00000007c0000000)
  eden space 196608K, 0% used [0x0000000780380000,0x0000000780380000,0x000000078c380000)
  from space 8192K, 99% used [0x000000078c380000,0x000000078cb7c0e0,0x000000078cb80000)
  to   space 13312K, 0% used [0x000000078f800000,0x000000078f800000,0x0000000790500000)
 ParOldGen       total 76800K, used 13266K [0x0000000700a00000, 0x0000000705500000, 0x0000000780380000)
  object space 76800K, 17% used [0x0000000700a00000,0x00000007016f4b98,0x0000000705500000)
 Metaspace       used 33110K, capacity 35382K, committed 35456K, reserved 1079296K
  class space    used 4516K, capacity 4949K, committed 4992K, reserved 1048576K
Event: 8.317 GC heap after
Heap after GC invocations=7 (full 2):
 PSYoungGen      total 204800K, used 0K [0x0000000780380000, 0x0000000790500000, 0x00000007c0000000)
  eden space 196608K, 0% used [0x0000000780380000,0x0000000780380000,0x000000078c380000)
  from space 8192K, 0% used [0x000000078c380000,0x000000078c380000,0x000000078cb80000)
  to   space 13312K, 0% used [0x000000078f800000,0x000000078f800000,0x0000000790500000)
 ParOldGen       total 127488K, used 16964K [0x0000000700a00000, 0x0000000708680000, 0x0000000780380000)
  object space 127488K, 13% used [0x0000000700a00000,0x0000000701a91318,0x0000000708680000)
 Metaspace       used 33110K, capacity 35382K, committed 35456K, reserved 1079296K
  class space    used 4516K, capacity 4949K, committed 4992K, reserved 1048576K
}
Event: 14.298 GC heap before
{Heap before GC invocations=8 (full 2):
 PSYoungGen      total 204800K, used 196608K [0x0000000780380000, 0x0000000790500000, 0x00000007c0000000)
  eden space 196608K, 100% used [0x0000000780380000,0x000000078c380000,0x000000078c380000)
  from space 8192K, 0% used [0x000000078c380000,0x000000078c380000,0x000000078cb80000)
  to   space 13312K, 0% used [0x000000078f800000,0x000000078f800000,0x0000000790500000)
 ParOldGen       total 127488K, used 16964K [0x0000000700a00000, 0x0000000708680000, 0x0000000780380000)
  object space 127488K, 13% used [0x0000000700a00000,0x0000000701a91318,0x0000000708680000)
 Metaspace       used 53652K, capacity 56954K, committed 57088K, reserved 1097728K
  class space    used 7489K, capacity 8076K, committed 8192K, reserved 1048576K
Event: 14.342 GC heap after
Heap after GC invocations=8 (full 2):
 PSYoungGen      total 243200K, used 13307K [0x0000000780380000, 0x0000000794000000, 0x00000007c0000000)
  eden space 229888K, 0% used [0x0000000780380000,0x0000000780380000,0x000000078e400000)
  from space 13312K, 99% used [0x000000078f800000,0x00000007904fef30,0x0000000790500000)
  to   space 20480K, 0% used [0x000000078e400000,0x000000078e400000,0x000000078f800000)
 ParOldGen       total 127488K, used 26322K [0x0000000700a00000, 0x0000000708680000, 0x0000000780380000)
  object space 127488K, 20% used [0x0000000700a00000,0x00000007023b4a50,0x0000000708680000)
 Metaspace       used 53652K, capacity 56954K, committed 57088K, reserved 1097728K
  class space    used 7489K, capacity 8076K, committed 8192K, reserved 1048576K
}
Event: 15.369 GC heap before
{Heap before GC invocations=9 (full 2):
 PSYoungGen      total 243200K, used 81294K [0x0000000780380000, 0x0000000794000000, 0x00000007c0000000)
  eden space 229888K, 29% used [0x0000000780380000,0x00000007845e4b48,0x000000078e400000)
  from space 13312K, 99% used [0x000000078f800000,0x00000007904fef30,0x0000000790500000)
  to   space 20480K, 0% used [0x000000078e400000,0x000000078e400000,0x000000078f800000)
 ParOldGen       total 127488K, used 26322K [0x0000000700a00000, 0x0000000708680000, 0x0000000780380000)
  object space 127488K, 20% used [0x0000000700a00000,0x00000007023b4a50,0x0000000708680000)
 Metaspace       used 55547K, capacity 59006K, committed 59096K, reserved 1099776K
  class space    used 7729K, capacity 8316K, committed 8320K, reserved 1048576K
Event: 15.397 GC heap after
Heap after GC invocations=9 (full 2):
 PSYoungGen      total 250368K, used 10657K [0x0000000780380000, 0x0000000794000000, 0x00000007c0000000)
  eden space 229888K, 0% used [0x0000000780380000,0x0000000780380000,0x000000078e400000)
  from space 20480K, 52% used [0x000000078e400000,0x000000078ee68558,0x000000078f800000)
  to   space 13312K, 0% used [0x000000078f800000,0x000000078f800000,0x0000000790500000)
 ParOldGen       total 127488K, used 26330K [0x0000000700a00000, 0x0000000708680000, 0x0000000780380000)
  object space 127488K, 20% used [0x0000000700a00000,0x00000007023b6a50,0x0000000708680000)
 Metaspace       used 55547K, capacity 59006K, committed 59096K, reserved 1099776K
  class space    used 7729K, capacity 8316K, committed 8320K, reserved 1048576K
}
Event: 15.397 GC heap before
{Heap before GC invocations=10 (full 3):
 PSYoungGen      total 250368K, used 10657K [0x0000000780380000, 0x0000000794000000, 0x00000007c0000000)
  eden space 229888K, 0% used [0x0000000780380000,0x0000000780380000,0x000000078e400000)
  from space 20480K, 52% used [0x000000078e400000,0x000000078ee68558,0x000000078f800000)
  to   space 13312K, 0% used [0x000000078f800000,0x000000078f800000,0x0000000790500000)
 ParOldGen       total 127488K, used 26330K [0x0000000700a00000, 0x0000000708680000, 0x0000000780380000)
  object space 127488K, 20% used [0x0000000700a00000,0x00000007023b6a50,0x0000000708680000)
 Metaspace       used 55547K, capacity 59006K, committed 59096K, reserved 1099776K
  class space    used 7729K, capacity 8316K, committed 8320K, reserved 1048576K
Event: 15.624 GC heap after
Heap after GC invocations=10 (full 3):
 PSYoungGen      total 250368K, used 0K [0x0000000780380000, 0x0000000794000000, 0x00000007c0000000)
  eden space 229888K, 0% used [0x0000000780380000,0x0000000780380000,0x000000078e400000)
  from space 20480K, 0% used [0x000000078e400000,0x000000078e400000,0x000000078f800000)
  to   space 13312K, 0% used [0x000000078f800000,0x000000078f800000,0x0000000790500000)
 ParOldGen       total 127488K, used 21109K [0x0000000700a00000, 0x0000000708680000, 0x0000000780380000)
  object space 127488K, 16% used [0x0000000700a00000,0x0000000701e9d758,0x0000000708680000)
 Metaspace       used 55547K, capacity 59006K, committed 59096K, reserved 1099776K
  class space    used 7729K, capacity 8316K, committed 8320K, reserved 1048576K
}

Deoptimization events (10 events):
Event: 19.108 Thread 0x00000249c0e62000 Uncommon trap: reason=class_check action=maybe_recompile pc=0x00000249c360e7cc method=java.util.stream.Stream.concat(Ljava/util/stream/Stream;Ljava/util/stream/Stream;)Ljava/util/stream/Stream; @ 15
Event: 19.109 Thread 0x00000249c0e62000 Uncommon trap: reason=class_check action=maybe_recompile pc=0x00000249c360e7ec method=java.util.stream.Stream.concat(Ljava/util/stream/Stream;Ljava/util/stream/Stream;)Ljava/util/stream/Stream; @ 21
Event: 19.109 Thread 0x00000249c0e62000 Uncommon trap: reason=class_check action=maybe_recompile pc=0x00000249c2dff6b0 method=java.util.stream.Streams$ConcatSpliterator.estimateSize()J @ 11
Event: 19.117 Thread 0x00000249c0e62000 Uncommon trap: reason=class_check action=maybe_recompile pc=0x00000249c34cf3a4 method=org.springframework.core.annotation.AnnotationsScanner.processMethodInheritedAnnotations(Ljava/lang/Object;Ljava/lang/reflect/Method;Lorg/springframework/core/annotation
Event: 19.117 Thread 0x00000249c0e62000 Uncommon trap: reason=bimorphic action=maybe_recompile pc=0x00000249c3507f70 method=org.springframework.core.annotation.AnnotationsScanner.processMethodAnnotations(Ljava/lang/Object;ILjava/lang/reflect/Method;Lorg/springframework/core/annotation/Annotatio
Event: 19.290 Thread 0x00000249c0e62000 Uncommon trap: reason=class_check action=maybe_recompile pc=0x00000249c2dff6b0 method=java.util.stream.Streams$ConcatSpliterator.estimateSize()J @ 11
Event: 19.291 Thread 0x00000249c0e62000 Uncommon trap: reason=class_check action=maybe_recompile pc=0x00000249c2dff6b0 method=java.util.stream.Streams$ConcatSpliterator.estimateSize()J @ 11
Event: 19.324 Thread 0x00000249c0e62000 Uncommon trap: reason=unstable_if action=reinterpret pc=0x00000249c28158c0 method=java.lang.CharacterData.of(I)Ljava/lang/CharacterData; @ 4
Event: 19.354 Thread 0x00000249c0e62000 Uncommon trap: reason=class_check action=maybe_recompile pc=0x00000249c34cf3a4 method=org.springframework.core.annotation.AnnotationsScanner.processMethodInheritedAnnotations(Ljava/lang/Object;Ljava/lang/reflect/Method;Lorg/springframework/core/annotation
Event: 19.354 Thread 0x00000249c0e62000 Uncommon trap: reason=bimorphic action=maybe_recompile pc=0x00000249c3507f70 method=org.springframework.core.annotation.AnnotationsScanner.processMethodAnnotations(Ljava/lang/Object;ILjava/lang/reflect/Method;Lorg/springframework/core/annotation/Annotatio

Classes redefined (0 events):
No events

Internal exceptions (10 events):
Event: 18.988 Thread 0x00000249c0e62000 Exception <a 'java/lang/ClassNotFoundException': org/springframework/security/access/expression/method/MethodSecurityExpressionHandlerCustomizer> (0x000000078c983af0) thrown at [C:\jenkins\workspace\8-2-build-windows-x64-cygwin\jdk8u361\3183\hotspot\src\s
Event: 18.989 Thread 0x00000249c0e62000 Exception <a 'java/lang/ClassNotFoundException': org/springframework/security/access/expression/SecurityExpressionHandlerCustomizer> (0x000000078c9a9ef8) thrown at [C:\jenkins\workspace\8-2-build-windows-x64-cygwin\jdk8u361\3183\hotspot\src\share\vm\class
Event: 18.990 Thread 0x00000249c0e62000 Exception <a 'java/lang/ClassNotFoundException': org/springframework/aop/framework/AopInfrastructureBeanCustomizer> (0x000000078c9cb728) thrown at [C:\jenkins\workspace\8-2-build-windows-x64-cygwin\jdk8u361\3183\hotspot\src\share\vm\classfile\systemDictio
Event: 18.991 Thread 0x00000249c0e62000 Exception <a 'java/lang/ClassNotFoundException': org/springframework/security/access/expression/SecurityExpressionHandlerCustomizer> (0x000000078c9f0360) thrown at [C:\jenkins\workspace\8-2-build-windows-x64-cygwin\jdk8u361\3183\hotspot\src\share\vm\class
Event: 18.991 Thread 0x00000249c0e62000 Exception <a 'java/lang/ClassNotFoundException': org/springframework/aop/framework/AopInfrastructureBeanCustomizer> (0x000000078ca11b90) thrown at [C:\jenkins\workspace\8-2-build-windows-x64-cygwin\jdk8u361\3183\hotspot\src\share\vm\classfile\systemDictio
Event: 18.992 Thread 0x00000249c0e62000 Exception <a 'java/lang/ClassNotFoundException': org/springframework/context/ApplicationContextAwareCustomizer> (0x000000078ca30490) thrown at [C:\jenkins\workspace\8-2-build-windows-x64-cygwin\jdk8u361\3183\hotspot\src\share\vm\classfile\systemDictionary
Event: 18.993 Thread 0x00000249c0e62000 Exception <a 'java/lang/ClassNotFoundException': org/springframework/beans/factory/AwareCustomizer> (0x000000078ca4bec8) thrown at [C:\jenkins\workspace\8-2-build-windows-x64-cygwin\jdk8u361\3183\hotspot\src\share\vm\classfile\systemDictionary.cpp, line 2
Event: 19.088 Thread 0x00000249c0e62000 Exception <a 'java/lang/ClassNotFoundException': java/lang/ObjectCustomizer> (0x000000078cca3e08) thrown at [C:\jenkins\workspace\8-2-build-windows-x64-cygwin\jdk8u361\3183\hotspot\src\share\vm\classfile\systemDictionary.cpp, line 212]
Event: 19.089 Thread 0x00000249c0e62000 Exception <a 'java/lang/ClassNotFoundException': com/martinmasetto/MartinApplicationTestsCustomizer> (0x000000078ccc1138) thrown at [C:\jenkins\workspace\8-2-build-windows-x64-cygwin\jdk8u361\3183\hotspot\src\share\vm\classfile\systemDictionary.cpp, line 
Event: 19.192 Thread 0x00000249c0e62000 Exception <a 'java/lang/ClassNotFoundException': java/lang/Module> (0x000000078d03dae0) thrown at [C:\jenkins\workspace\8-2-build-windows-x64-cygwin\jdk8u361\3183\hotspot\src\share\vm\classfile\systemDictionary.cpp, line 212]

Events (10 events):
Event: 19.394 loading class org/apache/maven/surefire/booter/ForkedBooter$7
Event: 19.394 loading class org/apache/maven/surefire/booter/ForkedBooter$7 done
Event: 19.394 Thread 0x00000249da97d000 Thread added: 0x00000249da97d000
Event: 19.557 loading class org/apache/maven/surefire/booter/ForkedBooter$1
Event: 19.557 loading class org/apache/maven/surefire/booter/ForkedBooter$1 done
Event: 19.557 loading class java/util/IdentityHashMap$KeyIterator
Event: 19.557 loading class java/util/IdentityHashMap$KeyIterator done
Event: 19.558 Thread 0x00000249da913000 Thread exited: 0x00000249da913000
Event: 19.558 Thread 0x00000249da97d800 Thread added: 0x00000249da97d800
Event: 19.558 Thread 0x00000249da97e800 Thread added: 0x00000249da97e800


Dynamic libraries:
0x00007ff637f70000 - 0x00007ff637fb7000 	C:\Program Files\Java\jdk1.8.0_361\jre\bin\java.exe
0x00007ffec53b0000 - 0x00007ffec55a8000 	C:\WINDOWS\SYSTEM32\ntdll.dll
0x00007ffea13a0000 - 0x00007ffea13b3000 	C:\Program Files\Avast Software\Avast\aswhook.dll
0x00007ffec4d80000 - 0x00007ffec4e3f000 	C:\WINDOWS\System32\KERNEL32.DLL
0x00007ffec2c60000 - 0x00007ffec2f3a000 	C:\WINDOWS\System32\KERNELBASE.dll
0x00007ffec4ac0000 - 0x00007ffec4b6e000 	C:\WINDOWS\System32\ADVAPI32.dll
0x00007ffec36a0000 - 0x00007ffec373e000 	C:\WINDOWS\System32\msvcrt.dll
0x00007ffec5110000 - 0x00007ffec51ac000 	C:\WINDOWS\System32\sechost.dll
0x00007ffec3f80000 - 0x00007ffec40a6000 	C:\WINDOWS\System32\RPCRT4.dll
0x00007ffec3430000 - 0x00007ffec35cd000 	C:\WINDOWS\System32\USER32.dll
0x00007ffec33e0000 - 0x00007ffec3402000 	C:\WINDOWS\System32\win32u.dll
0x00007ffec4e50000 - 0x00007ffec4e7b000 	C:\WINDOWS\System32\GDI32.dll
0x00007ffec30a0000 - 0x00007ffec31b0000 	C:\WINDOWS\System32\gdi32full.dll
0x00007ffec3340000 - 0x00007ffec33dd000 	C:\WINDOWS\System32\msvcp_win.dll
0x00007ffec2b60000 - 0x00007ffec2c60000 	C:\WINDOWS\System32\ucrtbase.dll
0x00007ffeb5ae0000 - 0x00007ffeb5d7a000 	C:\WINDOWS\WinSxS\amd64_microsoft.windows.common-controls_6595b64144ccf1df_6.0.19041.1110_none_60b5254171f9507e\COMCTL32.dll
0x00007ffec51c0000 - 0x00007ffec51f0000 	C:\WINDOWS\System32\IMM32.DLL
0x00007ffeb6640000 - 0x00007ffeb6655000 	C:\Program Files\Java\jdk1.8.0_361\jre\bin\vcruntime140.dll
0x00007ffe7be30000 - 0x00007ffe7becb000 	C:\Program Files\Java\jdk1.8.0_361\jre\bin\msvcp140.dll
0x0000000063fd0000 - 0x0000000064833000 	C:\Program Files\Java\jdk1.8.0_361\jre\bin\server\jvm.dll
0x00007ffec3c10000 - 0x00007ffec3c18000 	C:\WINDOWS\System32\PSAPI.DLL
0x00007ffeb9cc0000 - 0x00007ffeb9ce7000 	C:\WINDOWS\SYSTEM32\WINMM.dll
0x00007ffebcff0000 - 0x00007ffebcffa000 	C:\WINDOWS\SYSTEM32\VERSION.dll
0x00007ffeb7310000 - 0x00007ffeb7319000 	C:\WINDOWS\SYSTEM32\WSOCK32.dll
0x00007ffec4940000 - 0x00007ffec49ab000 	C:\WINDOWS\System32\WS2_32.dll
0x00007ffec09a0000 - 0x00007ffec09b2000 	C:\WINDOWS\SYSTEM32\kernel.appcore.dll
0x00007ffeb6570000 - 0x00007ffeb6580000 	C:\Program Files\Java\jdk1.8.0_361\jre\bin\verify.dll
0x00007ffe9d800000 - 0x00007ffe9d82b000 	C:\Program Files\Java\jdk1.8.0_361\jre\bin\java.dll
0x00007ffe9dca0000 - 0x00007ffe9dcb8000 	C:\Program Files\Java\jdk1.8.0_361\jre\bin\zip.dll
0x00007ffec40b0000 - 0x00007ffec47f4000 	C:\WINDOWS\System32\SHELL32.dll
0x00007ffec0ba0000 - 0x00007ffec1333000 	C:\WINDOWS\SYSTEM32\windows.storage.dll
0x00007ffec3c20000 - 0x00007ffec3f74000 	C:\WINDOWS\System32\combase.dll
0x00007ffec2440000 - 0x00007ffec246e000 	C:\WINDOWS\SYSTEM32\Wldp.dll
0x00007ffec49b0000 - 0x00007ffec4a5d000 	C:\WINDOWS\System32\SHCORE.dll
0x00007ffec5310000 - 0x00007ffec5365000 	C:\WINDOWS\System32\shlwapi.dll
0x00007ffec2a00000 - 0x00007ffec2a1f000 	C:\WINDOWS\SYSTEM32\profapi.dll
0x00007ffea9980000 - 0x00007ffea998d000 	C:\Program Files\Java\jdk1.8.0_361\jre\bin\management.dll
0x00007ffe9d7e0000 - 0x00007ffe9d7fc000 	C:\Program Files\Java\jdk1.8.0_361\jre\bin\net.dll
0x00007ffec21a0000 - 0x00007ffec220a000 	C:\WINDOWS\system32\mswsock.dll
0x00007ffe7bed0000 - 0x00007ffe7bee3000 	C:\Program Files\Java\jdk1.8.0_361\jre\bin\nio.dll
0x00007ffeaac50000 - 0x00007ffeaac67000 	C:\WINDOWS\system32\napinsp.dll
0x00007ffeaac30000 - 0x00007ffeaac4b000 	C:\WINDOWS\system32\pnrpnsp.dll
0x00007ffeaac10000 - 0x00007ffeaac25000 	C:\WINDOWS\system32\wshbth.dll
0x00007ffebe4e0000 - 0x00007ffebe4fd000 	C:\WINDOWS\system32\NLAapi.dll
0x00007ffec1e90000 - 0x00007ffec1ecc000 	C:\WINDOWS\SYSTEM32\IPHLPAPI.DLL
0x00007ffec1ed0000 - 0x00007ffec1f9b000 	C:\WINDOWS\SYSTEM32\DNSAPI.dll
0x00007ffec51b0000 - 0x00007ffec51b8000 	C:\WINDOWS\System32\NSI.dll
0x00007ffeaabf0000 - 0x00007ffeaac02000 	C:\WINDOWS\System32\winrnr.dll
0x00007ffeb10e0000 - 0x00007ffeb10ea000 	C:\Windows\System32\rasadhlp.dll
0x00007ffeb75c0000 - 0x00007ffeb7640000 	C:\WINDOWS\System32\fwpuclnt.dll
0x00007ffec2ac0000 - 0x00007ffec2ae7000 	C:\WINDOWS\System32\bcrypt.dll
0x00007ffec23a0000 - 0x00007ffec23b8000 	C:\WINDOWS\SYSTEM32\CRYPTSP.dll
0x00007ffec1ac0000 - 0x00007ffec1af4000 	C:\WINDOWS\system32\rsaenh.dll
0x00007ffec29c0000 - 0x00007ffec29ee000 	C:\WINDOWS\SYSTEM32\USERENV.dll
0x00007ffec3200000 - 0x00007ffec3282000 	C:\WINDOWS\System32\bcryptprimitives.dll
0x00007ffec2390000 - 0x00007ffec239c000 	C:\WINDOWS\SYSTEM32\CRYPTBASE.dll
0x00007ffebd050000 - 0x00007ffebd067000 	C:\WINDOWS\SYSTEM32\dhcpcsvc6.DLL
0x00007ffebcfd0000 - 0x00007ffebcfed000 	C:\WINDOWS\SYSTEM32\dhcpcsvc.DLL
0x00007ffebc470000 - 0x00007ffebc654000 	C:\WINDOWS\SYSTEM32\dbghelp.dll

VM Arguments:
java_command: C:\Users\Javier\AppData\Local\Temp\surefire53878873556385946\surefirebooter877665008570008258.jar C:\Users\Javier\AppData\Local\Temp\surefire53878873556385946 2023-05-03T18-25-46_511-jvmRun1 surefire6641199883232932563tmp surefire_03039561214184508621tmp
java_class_path (initial): C:\Users\Javier\AppData\Local\Temp\surefire53878873556385946\surefirebooter877665008570008258.jar
Launcher Type: SUN_STANDARD

Environment Variables:
JAVA_HOME=C:\Program Files\Java\jdk1.8.0_361
PATH=C:\Program Files\Common Files\Oracle\Java\javapath;C:\Program Files (x86)\Common Files\Oracle\Java\javapath;C:\WINDOWS\system32;C:\WINDOWS;C:\WINDOWS\System32\Wbem;C:\WINDOWS\System32\WindowsPowerShell\v1.0\;C:\WINDOWS\System32\OpenSSH\;C:\Program Files\nodejs\;C:\Program Files\MySQL\MySQL Shell 8.0\bin\;C:\Users\Javier\AppData\Local\Microsoft\WindowsApps;C:\Users\Javier\AppData\Local\Programs\Microsoft VS Code\bin;C:\Users\Javier\AppData\Roaming\npm;C:\Users\Javier\AppData\Local\GitHubDesktop\bin
USERNAME=MOTOMAS
OS=Windows_NT
PROCESSOR_IDENTIFIER=AMD64 Family 21 Model 16 Stepping 1, AuthenticAMD



---------------  S Y S T E M  ---------------

OS: Windows 10 , 64 bit Build 19041 (10.0.19041.2788)

CPU:total 4 (initial active 4) (4 cores per cpu, 1 threads per core) family 21 model 16 stepping 1, cmov, cx8, fxsr, mmx, sse, sse2, sse3, ssse3, sse4.1, sse4.2, popcnt, avx, aes, clmul, mmxext, 3dnowpref, lzcnt, sse4a, tsc, tscinvbit, tscinv, bmi1

Memory: 4k page, physical 12538068k(600560k free), swap 27053284k(2588k free)

vm_info: Java HotSpot(TM) 64-Bit Server VM (25.361-b09) for windows-amd64 JRE (1.8.0_361-b09), built on Jan  9 2023 08:38:53 by "java_re" with MS VC++ 15.9 (VS2017)

time: Wed May  3 18:26:07 2023
timezone: Hora estándar de Argentina
elapsed time: 19.651247 seconds (0d 0h 0m 19s)

